[INFO][2017-12-22 11:09:41,771][org.springframework.context.support.ClassPathXmlApplicationContext]Refreshing org.springframework.context.support.ClassPathXmlApplicationContext@442d9b6e: startup date [Fri Dec 22 11:09:41 CST 2017]; root of context hierarchy
[INFO][2017-12-22 11:09:41,915][org.springframework.beans.factory.xml.XmlBeanDefinitionReader]Loading XML bean definitions from class path resource [spring.xml]
[INFO][2017-12-22 11:10:33,126][org.springframework.context.support.ClassPathXmlApplicationContext]Refreshing org.springframework.context.support.ClassPathXmlApplicationContext@442d9b6e: startup date [Fri Dec 22 11:10:33 CST 2017]; root of context hierarchy
[INFO][2017-12-22 11:10:33,164][org.springframework.beans.factory.xml.XmlBeanDefinitionReader]Loading XML bean definitions from class path resource [spring.xml]
[INFO][2017-12-22 11:24:02,563][org.springframework.context.support.ClassPathXmlApplicationContext]Refreshing org.springframework.context.support.ClassPathXmlApplicationContext@442d9b6e: startup date [Fri Dec 22 11:24:02 CST 2017]; root of context hierarchy
[INFO][2017-12-22 11:24:02,612][org.springframework.beans.factory.xml.XmlBeanDefinitionReader]Loading XML bean definitions from class path resource [spring.xml]
[WARN][2017-12-22 11:24:02,821][org.springframework.context.support.ClassPathXmlApplicationContext]Exception encountered during context initialization - cancelling refresh attempt: org.springframework.beans.factory.BeanCreationException: Error creating bean with name 'studentBean' defined in class path resource [spring.xml]: Instantiation of bean failed; nested exception is org.springframework.beans.BeanInstantiationException: Failed to instantiate [spring.Student]: Constructor threw exception; nested exception is java.lang.NullPointerException
[INFO][2017-12-22 11:25:49,617][org.springframework.context.support.ClassPathXmlApplicationContext]Refreshing org.springframework.context.support.ClassPathXmlApplicationContext@442d9b6e: startup date [Fri Dec 22 11:25:49 CST 2017]; root of context hierarchy
[INFO][2017-12-22 11:25:49,656][org.springframework.beans.factory.xml.XmlBeanDefinitionReader]Loading XML bean definitions from class path resource [spring.xml]
[WARN][2017-12-22 11:25:49,802][org.springframework.context.support.ClassPathXmlApplicationContext]Exception encountered during context initialization - cancelling refresh attempt: org.springframework.beans.factory.BeanCreationException: Error creating bean with name 'studentBean' defined in class path resource [spring.xml]: Instantiation of bean failed; nested exception is org.springframework.beans.BeanInstantiationException: Failed to instantiate [spring.Student]: Constructor threw exception; nested exception is java.lang.NullPointerException
[INFO][2017-12-22 11:26:33,383][org.springframework.context.support.ClassPathXmlApplicationContext]Refreshing org.springframework.context.support.ClassPathXmlApplicationContext@442d9b6e: startup date [Fri Dec 22 11:26:33 CST 2017]; root of context hierarchy
[INFO][2017-12-22 11:26:33,422][org.springframework.beans.factory.xml.XmlBeanDefinitionReader]Loading XML bean definitions from class path resource [spring.xml]
[WARN][2017-12-22 11:26:33,562][org.springframework.context.support.ClassPathXmlApplicationContext]Exception encountered during context initialization - cancelling refresh attempt: org.springframework.beans.factory.BeanCreationException: Error creating bean with name 'studentBean' defined in class path resource [spring.xml]: Instantiation of bean failed; nested exception is org.springframework.beans.BeanInstantiationException: Failed to instantiate [spring.Student]: Constructor threw exception; nested exception is java.lang.NullPointerException
[INFO][2017-12-22 11:27:45,479][org.springframework.context.support.ClassPathXmlApplicationContext]Refreshing org.springframework.context.support.ClassPathXmlApplicationContext@442d9b6e: startup date [Fri Dec 22 11:27:45 CST 2017]; root of context hierarchy
[INFO][2017-12-22 11:27:45,519][org.springframework.beans.factory.xml.XmlBeanDefinitionReader]Loading XML bean definitions from class path resource [spring.xml]
[INFO][2017-12-22 11:30:21,338][org.springframework.context.support.ClassPathXmlApplicationContext]Refreshing org.springframework.context.support.ClassPathXmlApplicationContext@442d9b6e: startup date [Fri Dec 22 11:30:21 CST 2017]; root of context hierarchy
[INFO][2017-12-22 11:30:21,385][org.springframework.beans.factory.xml.XmlBeanDefinitionReader]Loading XML bean definitions from class path resource [spring.xml]
[INFO][2017-12-22 11:31:03,866][org.springframework.context.support.ClassPathXmlApplicationContext]Refreshing org.springframework.context.support.ClassPathXmlApplicationContext@442d9b6e: startup date [Fri Dec 22 11:31:03 CST 2017]; root of context hierarchy
[INFO][2017-12-22 11:31:03,903][org.springframework.beans.factory.xml.XmlBeanDefinitionReader]Loading XML bean definitions from class path resource [spring.xml]
[INFO][2017-12-22 11:31:09,812][org.springframework.context.support.ClassPathXmlApplicationContext]Refreshing org.springframework.context.support.ClassPathXmlApplicationContext@442d9b6e: startup date [Fri Dec 22 11:31:09 CST 2017]; root of context hierarchy
[INFO][2017-12-22 11:31:09,852][org.springframework.beans.factory.xml.XmlBeanDefinitionReader]Loading XML bean definitions from class path resource [spring.xml]
[INFO][2017-12-22 11:41:57,897][org.springframework.context.support.ClassPathXmlApplicationContext]Refreshing org.springframework.context.support.ClassPathXmlApplicationContext@442d9b6e: startup date [Fri Dec 22 11:41:57 CST 2017]; root of context hierarchy
[INFO][2017-12-22 11:41:57,941][org.springframework.beans.factory.xml.XmlBeanDefinitionReader]Loading XML bean definitions from class path resource [spring.xml]
[INFO][2017-12-22 11:42:48,978][org.springframework.context.support.ClassPathXmlApplicationContext]Refreshing org.springframework.context.support.ClassPathXmlApplicationContext@442d9b6e: startup date [Fri Dec 22 11:42:48 CST 2017]; root of context hierarchy
[INFO][2017-12-22 11:42:49,019][org.springframework.beans.factory.xml.XmlBeanDefinitionReader]Loading XML bean definitions from class path resource [spring.xml]
[INFO][2017-12-22 13:25:07,205][org.springframework.context.support.ClassPathXmlApplicationContext]Refreshing org.springframework.context.support.ClassPathXmlApplicationContext@442d9b6e: startup date [Fri Dec 22 13:25:07 CST 2017]; root of context hierarchy
[INFO][2017-12-22 13:25:07,245][org.springframework.beans.factory.xml.XmlBeanDefinitionReader]Loading XML bean definitions from class path resource [spring.xml]
[INFO][2017-12-22 13:57:18,089][org.springframework.context.support.ClassPathXmlApplicationContext]Refreshing org.springframework.context.support.ClassPathXmlApplicationContext@442d9b6e: startup date [Fri Dec 22 13:57:18 CST 2017]; root of context hierarchy
[INFO][2017-12-22 13:57:18,127][org.springframework.beans.factory.xml.XmlBeanDefinitionReader]Loading XML bean definitions from class path resource [spring.xml]
[INFO][2017-12-22 14:05:27,054][org.springframework.context.support.ClassPathXmlApplicationContext]Refreshing org.springframework.context.support.ClassPathXmlApplicationContext@442d9b6e: startup date [Fri Dec 22 14:05:27 CST 2017]; root of context hierarchy
[INFO][2017-12-22 14:05:27,106][org.springframework.beans.factory.xml.XmlBeanDefinitionReader]Loading XML bean definitions from class path resource [spring.xml]
[INFO][2017-12-22 14:05:27,300][org.springframework.context.support.ClassPathXmlApplicationContext]Closing org.springframework.context.support.ClassPathXmlApplicationContext@442d9b6e: startup date [Fri Dec 22 14:05:27 CST 2017]; root of context hierarchy
[INFO][2017-12-22 14:06:23,216][org.springframework.context.support.ClassPathXmlApplicationContext]Refreshing org.springframework.context.support.ClassPathXmlApplicationContext@442d9b6e: startup date [Fri Dec 22 14:06:23 CST 2017]; root of context hierarchy
[INFO][2017-12-22 14:06:23,267][org.springframework.beans.factory.xml.XmlBeanDefinitionReader]Loading XML bean definitions from class path resource [spring.xml]
[INFO][2017-12-22 14:06:23,460][org.springframework.context.support.ClassPathXmlApplicationContext]Closing org.springframework.context.support.ClassPathXmlApplicationContext@442d9b6e: startup date [Fri Dec 22 14:06:23 CST 2017]; root of context hierarchy
[INFO][2017-12-22 14:06:52,564][org.springframework.context.support.ClassPathXmlApplicationContext]Refreshing org.springframework.context.support.ClassPathXmlApplicationContext@442d9b6e: startup date [Fri Dec 22 14:06:52 CST 2017]; root of context hierarchy
[INFO][2017-12-22 14:06:52,610][org.springframework.beans.factory.xml.XmlBeanDefinitionReader]Loading XML bean definitions from class path resource [spring.xml]
[INFO][2017-12-22 14:06:52,791][org.springframework.context.support.ClassPathXmlApplicationContext]Closing org.springframework.context.support.ClassPathXmlApplicationContext@442d9b6e: startup date [Fri Dec 22 14:06:52 CST 2017]; root of context hierarchy
[INFO][2017-12-22 14:07:33,641][org.springframework.context.support.ClassPathXmlApplicationContext]Refreshing org.springframework.context.support.ClassPathXmlApplicationContext@442d9b6e: startup date [Fri Dec 22 14:07:33 CST 2017]; root of context hierarchy
[INFO][2017-12-22 14:07:33,691][org.springframework.beans.factory.xml.XmlBeanDefinitionReader]Loading XML bean definitions from class path resource [spring.xml]
[INFO][2017-12-22 14:07:33,885][org.springframework.context.support.ClassPathXmlApplicationContext]Closing org.springframework.context.support.ClassPathXmlApplicationContext@442d9b6e: startup date [Fri Dec 22 14:07:33 CST 2017]; root of context hierarchy
[INFO][2017-12-22 14:07:50,706][org.springframework.context.support.ClassPathXmlApplicationContext]Refreshing org.springframework.context.support.ClassPathXmlApplicationContext@442d9b6e: startup date [Fri Dec 22 14:07:50 CST 2017]; root of context hierarchy
[INFO][2017-12-22 14:07:50,762][org.springframework.beans.factory.xml.XmlBeanDefinitionReader]Loading XML bean definitions from class path resource [spring.xml]
[INFO][2017-12-22 14:07:50,953][org.springframework.context.support.ClassPathXmlApplicationContext]Closing org.springframework.context.support.ClassPathXmlApplicationContext@442d9b6e: startup date [Fri Dec 22 14:07:50 CST 2017]; root of context hierarchy
[INFO][2017-12-26 10:52:10,521][org.springframework.context.support.ClassPathXmlApplicationContext]Refreshing org.springframework.context.support.ClassPathXmlApplicationContext@442d9b6e: startup date [Tue Dec 26 10:52:10 CST 2017]; root of context hierarchy
[INFO][2017-12-26 10:52:10,586][org.springframework.beans.factory.xml.XmlBeanDefinitionReader]Loading XML bean definitions from class path resource [spring.xml]
[INFO][2017-12-26 10:52:10,802][org.springframework.context.support.ClassPathXmlApplicationContext]Closing org.springframework.context.support.ClassPathXmlApplicationContext@442d9b6e: startup date [Tue Dec 26 10:52:10 CST 2017]; root of context hierarchy
[INFO][2017-12-26 10:52:53,266][org.springframework.context.support.ClassPathXmlApplicationContext]Refreshing org.springframework.context.support.ClassPathXmlApplicationContext@442d9b6e: startup date [Tue Dec 26 10:52:53 CST 2017]; root of context hierarchy
[INFO][2017-12-26 10:52:53,305][org.springframework.beans.factory.xml.XmlBeanDefinitionReader]Loading XML bean definitions from class path resource [spring.xml]
[INFO][2017-12-26 10:52:53,483][org.springframework.context.support.ClassPathXmlApplicationContext]Closing org.springframework.context.support.ClassPathXmlApplicationContext@442d9b6e: startup date [Tue Dec 26 10:52:53 CST 2017]; root of context hierarchy
[INFO][2017-12-26 15:34:26,974][org.springframework.context.support.ClassPathXmlApplicationContext]Refreshing org.springframework.context.support.ClassPathXmlApplicationContext@442d9b6e: startup date [Tue Dec 26 15:34:26 CST 2017]; root of context hierarchy
[INFO][2017-12-26 15:34:27,017][org.springframework.beans.factory.xml.XmlBeanDefinitionReader]Loading XML bean definitions from class path resource [spring.xml]
[INFO][2017-12-26 15:34:27,211][org.springframework.context.support.ClassPathXmlApplicationContext]Closing org.springframework.context.support.ClassPathXmlApplicationContext@442d9b6e: startup date [Tue Dec 26 15:34:26 CST 2017]; root of context hierarchy
[INFO][2017-12-26 15:35:20,156][org.springframework.context.support.ClassPathXmlApplicationContext]Refreshing org.springframework.context.support.ClassPathXmlApplicationContext@442d9b6e: startup date [Tue Dec 26 15:35:20 CST 2017]; root of context hierarchy
[INFO][2017-12-26 15:35:20,200][org.springframework.beans.factory.xml.XmlBeanDefinitionReader]Loading XML bean definitions from class path resource [spring.xml]
[INFO][2017-12-26 15:35:20,378][org.springframework.context.support.ClassPathXmlApplicationContext]Closing org.springframework.context.support.ClassPathXmlApplicationContext@442d9b6e: startup date [Tue Dec 26 15:35:20 CST 2017]; root of context hierarchy
[INFO][2017-12-26 15:37:49,708][org.springframework.context.support.ClassPathXmlApplicationContext]Refreshing org.springframework.context.support.ClassPathXmlApplicationContext@442d9b6e: startup date [Tue Dec 26 15:37:49 CST 2017]; root of context hierarchy
[INFO][2017-12-26 15:37:49,746][org.springframework.beans.factory.xml.XmlBeanDefinitionReader]Loading XML bean definitions from class path resource [spring.xml]
[INFO][2017-12-26 15:37:49,935][org.springframework.context.support.ClassPathXmlApplicationContext]Closing org.springframework.context.support.ClassPathXmlApplicationContext@442d9b6e: startup date [Tue Dec 26 15:37:49 CST 2017]; root of context hierarchy
